


materialPath: F:\Program Files\Steam\steamapps\common\Counter-Strike Global Offensive\csgo\materials
Loading f:\workspace\game\counter-strike global offensive\maps\fy_dungeon\sdk_content\maps\fy_dungeon_build1.vmf
Map revision 234
fixing up env_cubemap materials on brush sides...
0...1...2...3...4...5...6...7...8...9...100...1...2...3...4...5...6...7...8...9...10Processing areas...done (0)
Building Faces...done (0)
Chop Details...done (0)
Find Visible Detail Sides...done (0)
Merging details...done (0)
FixTjuncs...
PruneNodes...
WriteBSP...
done (1)
writing f:\workspace\game\counter-strike global offensive\maps\fy_dungeon\sdk_content\maps\fy_dungeon_build1.prt...Building visibility clusters...
AutoVisClustering (threshold=-1) matched 0 leafs.
done (0)
Finding displacement neighbors...
Found a displacement edge abutting multiple other edges.
Finding lightmap sample positions...
Displacement Alpha : 0...1...2...3...4...5...6...7...8...9...10
Building Physics collision data...
done (1) (330656 bytes)
Placing detail props : 0...1...2...3...4...5...6...7...8...9...10
Compacting texture/material tables...
Reduced 341 texinfos to 216
Reduced 33 texdatas to 32 (1136 bytes to 1058)
Writing f:\workspace\game\counter-strike global offensive\maps\fy_dungeon\sdk_content\maps\fy_dungeon_build1.bsp
MSG_FILEWRITE - Filesystem was asked to write to 'f:\workspace\game\counter-strike global offensive\maps\fy_dungeon\sdk_content\maps\fy_dungeon_build1.bsp', but we don't own that location. Allowing...
3 seconds elapsed



2 threads
reading f:\workspace\game\counter-strike global offensive\maps\fy_dungeon\sdk_content\maps\fy_dungeon_build1.bsp
reading f:\workspace\game\counter-strike global offensive\maps\fy_dungeon\sdk_content\maps\fy_dungeon_build1.prt
 593 portalclusters
1686 numportals
0...1...2...3...4...5...6...7...8...9...100...1...2...3...4...5...6...7...8...9...10Optimized: 1239 visible clusters (0.00%)
Total clusters visible: 190934
Average clusters visible: 321
Building PAS...
Average clusters audible: 572
visdatasize:88499  compressed from 94880
writing f:\workspace\game\counter-strike global offensive\maps\fy_dungeon\sdk_content\maps\fy_dungeon_build1.bsp
MSG_FILEWRITE - Filesystem was asked to write to 'f:\workspace\game\counter-strike global offensive\maps\fy_dungeon\sdk_content\maps\fy_dungeon_build1.bsp', but we don't own that location. Allowing...
2 minutes, 46 seconds elapsed



[Reading texlights from 'lights.rad']
[40 texlights parsed from 'lights.rad']

Loading f:\workspace\game\counter-strike global offensive\maps\fy_dungeon\sdk_content\maps\fy_dungeon_build1.bsp
3911 faces
2607598 square feet [375494144.00 square inches]
526 Displacements
4841 Square Feet [697208.00 Square Inches]
3911 patches before subdivision
160009 patches after subdivision
132 direct lights
0...1...2...3...4...5...6...7...8...9...100...1...2...3...4...5...6...7...8...9...10transfers 36680045, max 1149
transfer lists: 279.8 megs
0...1...2...3...4...5...6...7...8...9...10	Bounce #1 added RGB(480656, 372053, 317083)
0...1...2...3...4...5...6...7...8...9...10	Bounce #2 added RGB(85662, 60959, 51361)
0...1...2...3...4...5...6...7...8...9...10	Bounce #3 added RGB(15460, 10137, 8387)
0...1...2...3...4...5...6...7...8...9...10	Bounce #4 added RGB(2865, 1771, 1457)
0...1...2...3...4...5...6...7...8...9...10	Bounce #5 added RGB(533, 311, 252)
0...1...2...3...4...5...6...7...8...9...10	Bounce #6 added RGB(100, 56, 45)
0...1...2...3...4...5...6...7...8...9...10	Bounce #7 added RGB(19, 10, 8)
0...1...2...3...4...5...6...7...8...9...10	Bounce #8 added RGB(4, 2, 1)
0...1...2...3...4...5...6...7...8...9...10	Bounce #9 added RGB(1, 0, 0)
Build Patch/Sample Hash Table(s).....Done<5.1371 sec>
0...1...2...3...4...5...6...7...8...9...10FinalLightFace Done
0 of 0 (0% of) surface lights went in leaf ambient cubes.
0...1...2...3...4...5...6...7...8...9...10Writing leaf ambient...done
Computing static prop lighting : 00...1...2...3...4...5...6...7...8...9...10
Ready to Finish

Object names       Objects/Maxobjs  Memory / Maxmem  Fullness 
------------       ---------------  ---------------  -------- 
models                  11/1024          528/49152    ( 1.1%) 
brushes                945/8192        11340/98304    (11.5%) 
brushsides            5809/81920       46472/655360   ( 7.1%) 
planes                 828/65536       16560/1310720  ( 1.3%) 
vertexes              6115/65536       73380/786432   ( 9.3%) 
nodes                 1640/65536       52480/2097152  ( 2.5%) 
texinfos               216/12288       15552/884736   ( 1.8%) 
texdata                 32/4096         1024/131072   ( 0.8%) 
dispinfos              526/0           92576/0        ( 0.0%) 
disp_verts           13150/0          263000/0        ( 0.0%) 
disp_tris            16832/0           33664/0        ( 0.0%) 
disp_multiblend          0/0               0/0        ( 0.0%) 
disp_lmsamples      187872/0          187872/0        ( 0.0%) 
faces                 3911/65536      219016/3670016  ( 6.0%) 
hdr faces                0/65536           0/3670016  ( 0.0%) 
origfaces             2187/65536      122472/3670016  ( 3.3%) 
facebrushes            962/0            1924/0        ( 0.0%) 
facebrushlists        3911/0           15644/0        ( 0.0%) 
leaves                1652/65536       52864/2097152  ( 2.5%) 
leaffaces             4373/65536        8746/131072   ( 6.7%) 
leafbrushes           1612/65536        3224/131072   ( 2.5%) 
areas                    3/1024           24/8192     ( 0.3%) 
surfedges            27296/512000     109184/2048000  ( 5.3%) 
edges                15974/256000      63896/1024000  ( 6.2%) 
LDR worldlights        132/8192        13200/819200   ( 1.6%) 
HDR worldlights          0/8192            0/819200   ( 0.0%) 
leafwaterdata            1/32768          12/393216   ( 0.0%) 
waterstrips            610/32768        6100/327680   ( 1.9%) 
waterverts               0/65536           0/786432   ( 0.0%) 
waterindices          8445/65536       16890/131072   (12.9%) 
cubemapsamples          54/1024          864/16384    ( 5.3%) 
overlays                19/1024         6688/360448   ( 1.9%) 
LDR lightdata         [variable]     5802468/0        ( 0.0%) 
HDR lightdata         [variable]           0/0        ( 0.0%) 
visdata               [variable]       88499/16777216 ( 0.5%) 
entdata               [variable]       88849/393216   (22.6%) 
LDR ambient table     1652/65536        6608/262144   ( 2.5%) 
HDR ambient table     1652/65536        6608/262144   ( 2.5%) 
LDR leaf ambient      5697/65536      159516/1835008  ( 8.7%) 
HDR leaf ambient      1652/65536       46256/1835008  ( 2.5%) 
occluders                0/0               0/0        ( 0.0%) 
occluder polygons        0/0               0/0        ( 0.0%) 
occluder vert ind        0/0               0/0        ( 0.0%) 
detail props          [variable]           1/12       ( 8.3%) 
static props          [variable]           1/16500    ( 0.0%) 
pakfile               [variable]     4266580/0        ( 0.0%) 
physics               [variable]      330656/4194304  ( 7.9%) 
physics terrain       [variable]       27880/1048576  ( 2.7%) 

Level flags = 7d

Total triangle count: 10726
Writing f:\workspace\game\counter-strike global offensive\maps\fy_dungeon\sdk_content\maps\fy_dungeon_build1.bsp
MSG_FILEWRITE - Filesystem was asked to write to 'f:\workspace\game\counter-strike global offensive\maps\fy_dungeon\sdk_content\maps\fy_dungeon_build1.bsp', but we don't own that location. Allowing...
1 hour, 38 minutes, 54 seconds elapsed



[Reading texlights from 'lights.rad']
[40 texlights parsed from 'lights.rad']

Loading f:\workspace\game\counter-strike global offensive\maps\fy_dungeon\sdk_content\maps\fy_dungeon_build1.bsp
3911 faces
2607598 square feet [375494144.00 square inches]
526 Displacements
4841 Square Feet [697208.00 Square Inches]
3911 patches before subdivision
160009 patches after subdivision
132 direct lights
0...1...2...3...4...5...6...7...8...9...100...1...2...3...4...5...6...7...8...9...10transfers 36680045, max 1149
transfer lists: 279.8 megs
0...1...2...3...4...5...6...7...8...9...10	Bounce #1 added RGB(480656, 372053, 317084)
0...1...2...3...4...5...6...7...8...9...10	Bounce #2 added RGB(85662, 60959, 51361)
0...1...2...3...4...5...6...7...8...9...10	Bounce #3 added RGB(15460, 10137, 8387)
0...1...2...3...4...5...6...7...8...9...10	Bounce #4 added RGB(2865, 1771, 1457)
0...1...2...3...4...5...6...7...8...9...10	Bounce #5 added RGB(533, 311, 252)
0...1...2...3...4...5...6...7...8...9...10	Bounce #6 added RGB(100, 56, 45)
0...1...2...3...4...5...6...7...8...9...10	Bounce #7 added RGB(19, 10, 8)
0...1...2...3...4...5...6...7...8...9...10	Bounce #8 added RGB(4, 2, 1)
0...1...2...3...4...5...6...7...8...9...10	Bounce #9 added RGB(1, 0, 0)
Build Patch/Sample Hash Table(s).....Done<3.7910 sec>
0...1...2...3...4...5...6...7...8...9...10FinalLightFace Done
0 of 0 (0% of) surface lights went in leaf ambient cubes.
0...1...2...3...4...5...6...7...8...9...10Writing leaf ambient...done
Computing static prop lighting : 00...1...2...3...4...5...6...7...8...9...10
Ready to Finish

Object names       Objects/Maxobjs  Memory / Maxmem  Fullness 
------------       ---------------  ---------------  -------- 
models                  11/1024          528/49152    ( 1.1%) 
brushes                945/8192        11340/98304    (11.5%) 
brushsides            5809/81920       46472/655360   ( 7.1%) 
planes                 828/65536       16560/1310720  ( 1.3%) 
vertexes              6115/65536       73380/786432   ( 9.3%) 
nodes                 1640/65536       52480/2097152  ( 2.5%) 
texinfos               216/12288       15552/884736   ( 1.8%) 
texdata                 32/4096         1024/131072   ( 0.8%) 
dispinfos              526/0           92576/0        ( 0.0%) 
disp_verts           13150/0          263000/0        ( 0.0%) 
disp_tris            16832/0           33664/0        ( 0.0%) 
disp_multiblend          0/0               0/0        ( 0.0%) 
disp_lmsamples      187872/0          187872/0        ( 0.0%) 
faces                 3911/65536      219016/3670016  ( 6.0%) 
hdr faces             3911/65536      219016/3670016  ( 6.0%) 
origfaces             2187/65536      122472/3670016  ( 3.3%) 
facebrushes            962/0            1924/0        ( 0.0%) 
facebrushlists        3911/0           15644/0        ( 0.0%) 
leaves                1652/65536       52864/2097152  ( 2.5%) 
leaffaces             4373/65536        8746/131072   ( 6.7%) 
leafbrushes           1612/65536        3224/131072   ( 2.5%) 
areas                    3/1024           24/8192     ( 0.3%) 
surfedges            27296/512000     109184/2048000  ( 5.3%) 
edges                15974/256000      63896/1024000  ( 6.2%) 
LDR worldlights        132/8192        13200/819200   ( 1.6%) 
HDR worldlights        132/8192        13200/819200   ( 1.6%) 
leafwaterdata            1/32768          12/393216   ( 0.0%) 
waterstrips            610/32768        6100/327680   ( 1.9%) 
waterverts               0/65536           0/786432   ( 0.0%) 
waterindices          8445/65536       16890/131072   (12.9%) 
cubemapsamples          54/1024          864/16384    ( 5.3%) 
overlays                19/1024         6688/360448   ( 1.9%) 
LDR lightdata         [variable]     5802468/0        ( 0.0%) 
HDR lightdata         [variable]     5802468/0        ( 0.0%) 
visdata               [variable]       88499/16777216 ( 0.5%) 
entdata               [variable]       88849/393216   (22.6%) 
LDR ambient table     1652/65536        6608/262144   ( 2.5%) 
HDR ambient table     1652/65536        6608/262144   ( 2.5%) 
LDR leaf ambient      5697/65536      159516/1835008  ( 8.7%) 
HDR leaf ambient      5697/65536      159516/1835008  ( 8.7%) 
occluders                0/0               0/0        ( 0.0%) 
occluder polygons        0/0               0/0        ( 0.0%) 
occluder vert ind        0/0               0/0        ( 0.0%) 
detail props          [variable]           1/12       ( 8.3%) 
static props          [variable]           1/16500    ( 0.0%) 
pakfile               [variable]     4664744/0        ( 0.0%) 
physics               [variable]      330656/4194304  ( 7.9%) 
physics terrain       [variable]       27880/1048576  ( 2.7%) 

Level flags = 7f

Total triangle count: 10726
Writing f:\workspace\game\counter-strike global offensive\maps\fy_dungeon\sdk_content\maps\fy_dungeon_build1.bsp
MSG_FILEWRITE - Filesystem was asked to write to 'f:\workspace\game\counter-strike global offensive\maps\fy_dungeon\sdk_content\maps\fy_dungeon_build1.bsp', but we don't own that location. Allowing...
1 hour, 12 minutes, 37 seconds elapsed
