


materialPath: F:\Program Files\Steam\steamapps\common\Counter-Strike Global Offensive\csgo\materials
Loading f:\workspace\game\counter-strike global offensive\maps\aim_underground\sdk_content\maps\aim_underground_build1.vmf
Map revision 171
fixing up env_cubemap materials on brush sides...
0...1...2...3...4...5...6...7...8...9...100...1...2...3...4...5...6...7...8...9...10Processing areas...done (0)
Building Faces...done (0)
Chop Details...done (0)
Find Visible Detail Sides...
Merged 12 detail faces...done (0)
Merging details...done (0)
FixTjuncs...
PruneNodes...
WriteBSP...
done (0)
writing f:\workspace\game\counter-strike global offensive\maps\aim_underground\sdk_content\maps\aim_underground_build1.prt...Building visibility clusters...
AutoVisClustering (threshold=-1) matched 0 leafs.
done (0)
Finding displacement neighbors...
Found a displacement edge abutting multiple other edges.
Finding lightmap sample positions...
Displacement Alpha : 0...1...2...3...4...5...6...7...8...9...10
Building Physics collision data...
done (1) (293753 bytes)
Placing detail props : 0...1...2...3...4...5...6...7...8...9...10
Water found with no water_lod_control entity, creating a default one.
Compacting texture/material tables...
Reduced 263 texinfos to 120
Reduced 26 texdatas to 25 (925 bytes to 842)
Writing f:\workspace\game\counter-strike global offensive\maps\aim_underground\sdk_content\maps\aim_underground_build1.bsp
MSG_FILEWRITE - Filesystem was asked to write to 'f:\workspace\game\counter-strike global offensive\maps\aim_underground\sdk_content\maps\aim_underground_build1.bsp', but we don't own that location. Allowing...
3 seconds elapsed



2 threads
reading f:\workspace\game\counter-strike global offensive\maps\aim_underground\sdk_content\maps\aim_underground_build1.bsp
reading f:\workspace\game\counter-strike global offensive\maps\aim_underground\sdk_content\maps\aim_underground_build1.prt
 572 portalclusters
1614 numportals
0...1...2...3...4...5...6...7...8...9...10Optimized: 7002 visible clusters (0.00%)
Total clusters visible: 256734
Average clusters visible: 448
Building PAS...
Average clusters audible: 566
visdatasize:85326  compressed from 82368
writing f:\workspace\game\counter-strike global offensive\maps\aim_underground\sdk_content\maps\aim_underground_build1.bsp
MSG_FILEWRITE - Filesystem was asked to write to 'f:\workspace\game\counter-strike global offensive\maps\aim_underground\sdk_content\maps\aim_underground_build1.bsp', but we don't own that location. Allowing...
0 seconds elapsed



materialPath: F:\Program Files\Steam\steamapps\common\Counter-Strike Global Offensive\csgo\materials
Loading f:\workspace\game\counter-strike global offensive\maps\aim_underground\sdk_content\maps\aim_underground_build1.vmf
Map revision 173
fixing up env_cubemap materials on brush sides...
0...1...2...3...4...5...6...7...8...9...100...1...2...3...4...5...6...7...8...9...10Processing areas...done (0)
Building Faces...done (0)
Chop Details...done (0)
Find Visible Detail Sides...
Merged 12 detail faces...done (0)
Merging details...done (0)
FixTjuncs...
PruneNodes...
WriteBSP...
done (0)
writing f:\workspace\game\counter-strike global offensive\maps\aim_underground\sdk_content\maps\aim_underground_build1.prt...Building visibility clusters...
AutoVisClustering (threshold=-1) matched 0 leafs.
done (0)
Finding displacement neighbors...
Found a displacement edge abutting multiple other edges.
Finding lightmap sample positions...
Displacement Alpha : 0...1...2...3...4...5...6...7...8...9...10
Building Physics collision data...
done (1) (293753 bytes)
Placing detail props : 0...1...2...3...4...5...6...7...8...9...10
Water found with no water_lod_control entity, creating a default one.
Compacting texture/material tables...
Reduced 263 texinfos to 120
Reduced 26 texdatas to 25 (925 bytes to 842)
Writing f:\workspace\game\counter-strike global offensive\maps\aim_underground\sdk_content\maps\aim_underground_build1.bsp
MSG_FILEWRITE - Filesystem was asked to write to 'f:\workspace\game\counter-strike global offensive\maps\aim_underground\sdk_content\maps\aim_underground_build1.bsp', but we don't own that location. Allowing...
2 seconds elapsed



2 threads
reading f:\workspace\game\counter-strike global offensive\maps\aim_underground\sdk_content\maps\aim_underground_build1.bsp
reading f:\workspace\game\counter-strike global offensive\maps\aim_underground\sdk_content\maps\aim_underground_build1.prt
 572 portalclusters
1614 numportals
0...1...2...3...4...5...6...7...8...9...10Optimized: 7002 visible clusters (0.00%)
Total clusters visible: 256734
Average clusters visible: 448
Building PAS...
Average clusters audible: 566
visdatasize:85326  compressed from 82368
writing f:\workspace\game\counter-strike global offensive\maps\aim_underground\sdk_content\maps\aim_underground_build1.bsp
MSG_FILEWRITE - Filesystem was asked to write to 'f:\workspace\game\counter-strike global offensive\maps\aim_underground\sdk_content\maps\aim_underground_build1.bsp', but we don't own that location. Allowing...
0 seconds elapsed



[Reading texlights from 'lights.rad']
[40 texlights parsed from 'lights.rad']

Loading f:\workspace\game\counter-strike global offensive\maps\aim_underground\sdk_content\maps\aim_underground_build1.bsp
4239 faces
2555985 square feet [368061920.00 square inches]
470 Displacements
3883 Square Feet [559200.00 Square Inches]
4239 patches before subdivision
187231 patches after subdivision
130 direct lights
0.


materialPath: F:\Program Files\Steam\steamapps\common\Counter-Strike Global Offensive\csgo\materials
Loading f:\workspace\game\counter-strike global offensive\maps\aim_underground\sdk_content\maps\aim_underground_build1.vmf
Map revision 173
fixing up env_cubemap materials on brush sides...
0...1...2...3...4...5...6...7...8...9...100...1...2...3...4...5...6...7...8...9...10Processing areas...done (0)
Building Faces...done (0)
Chop Details...done (0)
Find Visible Detail Sides...
Merged 12 detail faces...done (0)
Merging details...done (0)
FixTjuncs...
PruneNodes...
WriteBSP...
done (0)
writing f:\workspace\game\counter-strike global offensive\maps\aim_underground\sdk_content\maps\aim_underground_build1.prt...Building visibility clusters...
AutoVisClustering (threshold=-1) matched 0 leafs.
done (0)
Finding displacement neighbors...
Found a displacement edge abutting multiple other edges.
Finding lightmap sample positions...
Displacement Alpha : 0...1...2...3...4...5...6...7...8...9...10
Building Physics collision data...
done (1) (293753 bytes)
Placing detail props : 0...1...2...3...4...5...6...7...8...9...10
Water found with no water_lod_control entity, creating a default one.
Compacting texture/material tables...
Reduced 263 texinfos to 120
Reduced 26 texdatas to 25 (925 bytes to 842)
Writing f:\workspace\game\counter-strike global offensive\maps\aim_underground\sdk_content\maps\aim_underground_build1.bsp
MSG_FILEWRITE - Filesystem was asked to write to 'f:\workspace\game\counter-strike global offensive\maps\aim_underground\sdk_content\maps\aim_underground_build1.bsp', but we don't own that location. Allowing...
2 seconds elapsed



2 threads
reading f:\workspace\game\counter-strike global offensive\maps\aim_underground\sdk_content\maps\aim_underground_build1.bsp
reading f:\workspace\game\counter-strike global offensive\maps\aim_underground\sdk_content\maps\aim_underground_build1.prt
 572 portalclusters
1614 numportals
0...1...2...3...4...5...6...7...8...9...10Optimized: 7002 visible clusters (0.00%)
Total clusters visible: 256734
Average clusters visible: 448
Building PAS...
Average clusters audible: 566
visdatasize:85326  compressed from 82368
writing f:\workspace\game\counter-strike global offensive\maps\aim_underground\sdk_content\maps\aim_underground_build1.bsp
MSG_FILEWRITE - Filesystem was asked to write to 'f:\workspace\game\counter-strike global offensive\maps\aim_underground\sdk_content\maps\aim_underground_build1.bsp', but we don't own that location. Allowing...
0 seconds elapsed



materialPath: F:\Program Files\Steam\steamapps\common\Counter-Strike Global Offensive\csgo\materials
Loading f:\workspace\game\counter-strike global offensive\maps\aim_underground\sdk_content\maps\aim_underground_build1.vmf
Map revision 174
fixing up env_cubemap materials on brush sides...
0...1...2...3...4...5...6...7...8...9...100...1...2...3...4...5...6...7...8...9...10Processing areas...done (0)
Building Faces...done (0)
Chop Details...done (0)
Find Visible Detail Sides...
Merged 12 detail faces...done (0)
Merging details...done (0)
FixTjuncs...
PruneNodes...
WriteBSP...
done (0)
writing f:\workspace\game\counter-strike global offensive\maps\aim_underground\sdk_content\maps\aim_underground_build1.prt...Building visibility clusters...
AutoVisClustering (threshold=-1) matched 0 leafs.
done (0)
Finding displacement neighbors...
Found a displacement edge abutting multiple other edges.
Finding lightmap sample positions...
Displacement Alpha : 0...1...2...3...4...5...6...7...8...9...10
Building Physics collision data...
done (1) (293753 bytes)
Placing detail props : 0...1...2...3...4...5...6...7...8...9...10
Water found with no water_lod_control entity, creating a default one.
Compacting texture/material tables...
Reduced 263 texinfos to 120
Reduced 26 texdatas to 25 (925 bytes to 842)
Writing f:\workspace\game\counter-strike global offensive\maps\aim_underground\sdk_content\maps\aim_underground_build1.bsp
MSG_FILEWRITE - Filesystem was asked to write to 'f:\workspace\game\counter-strike global offensive\maps\aim_underground\sdk_content\maps\aim_underground_build1.bsp', but we don't own that location. Allowing...
2 seconds elapsed



2 threads
reading f:\workspace\game\counter-strike global offensive\maps\aim_underground\sdk_content\maps\aim_underground_build1.bsp
reading f:\workspace\game\counter-strike global offensive\maps\aim_underground\sdk_content\maps\aim_underground_build1.prt
 572 portalclusters
1614 numportals
0...1...2...3...4...5...6...7...8...9...10Optimized: 7002 visible clusters (0.00%)
Total clusters visible: 256734
Average clusters visible: 448
Building PAS...
Average clusters audible: 566
visdatasize:85326  compressed from 82368
writing f:\workspace\game\counter-strike global offensive\maps\aim_underground\sdk_content\maps\aim_underground_build1.bsp
MSG_FILEWRITE - Filesystem was asked to write to 'f:\workspace\game\counter-strike global offensive\maps\aim_underground\sdk_content\maps\aim_underground_build1.bsp', but we don't own that location. Allowing...
0 seconds elapsed



materialPath: F:\Program Files\Steam\steamapps\common\Counter-Strike Global Offensive\csgo\materials
Loading f:\workspace\game\counter-strike global offensive\maps\aim_underground\sdk_content\maps\aim_underground_build1.vmf
Map revision 176
fixing up env_cubemap materials on brush sides...
0...1...2...3...4...5...6...7...8...9...100...1...2...3...4...5...6...7...8...9...10Processing areas...done (0)
Building Faces...done (0)
Chop Details...done (0)
Find Visible Detail Sides...
Merged 12 detail faces...done (0)
Merging details...done (0)
FixTjuncs...
PruneNodes...
WriteBSP...
done (0)
writing f:\workspace\game\counter-strike global offensive\maps\aim_underground\sdk_content\maps\aim_underground_build1.prt...Building visibility clusters...
AutoVisClustering (threshold=-1) matched 0 leafs.
done (0)
Finding displacement neighbors...
Found a displacement edge abutting multiple other edges.
Finding lightmap sample positions...
Displacement Alpha : 0...1...2...3...4...5...6...7...8...9...10
Building Physics collision data...
done (1) (287398 bytes)
Placing detail props : 0...1...2...3...4...5...6...7...8...9...10
Water found with no water_lod_control entity, creating a default one.
Compacting texture/material tables...
Reduced 266 texinfos to 122
Reduced 27 texdatas to 26 (943 bytes to 860)
Writing f:\workspace\game\counter-strike global offensive\maps\aim_underground\sdk_content\maps\aim_underground_build1.bsp
MSG_FILEWRITE - Filesystem was asked to write to 'f:\workspace\game\counter-strike global offensive\maps\aim_underground\sdk_content\maps\aim_underground_build1.bsp', but we don't own that location. Allowing...
2 seconds elapsed



2 threads
reading f:\workspace\game\counter-strike global offensive\maps\aim_underground\sdk_content\maps\aim_underground_build1.bsp
reading f:\workspace\game\counter-strike global offensive\maps\aim_underground\sdk_content\maps\aim_underground_build1.prt
 572 portalclusters
1614 numportals
0...1...2...3...4...5...6...7...8...9...10Optimized: 7002 visible clusters (0.00%)
Total clusters visible: 256734
Average clusters visible: 448
Building PAS...
Average clusters audible: 566
visdatasize:85326  compressed from 82368
writing f:\workspace\game\counter-strike global offensive\maps\aim_underground\sdk_content\maps\aim_underground_build1.bsp
MSG_FILEWRITE - Filesystem was asked to write to 'f:\workspace\game\counter-strike global offensive\maps\aim_underground\sdk_content\maps\aim_underground_build1.bsp', but we don't own that location. Allowing...
0 seconds elapsed



materialPath: F:\Program Files\Steam\steamapps\common\Counter-Strike Global Offensive\csgo\materials
Loading f:\workspace\game\counter-strike global offensive\maps\aim_underground\sdk_content\maps\aim_underground_build1.vmf
Map revision 178
fixing up env_cubemap materials on brush sides...
0...1...2...3...4...5...6...7...8...9...100...1...2...3...4...5...6...7...8...9...10Processing areas...done (0)
Building Faces...done (0)
Chop Details...done (0)
Find Visible Detail Sides...
Merged 12 detail faces...done (0)
Merging details...done (0)
FixTjuncs...
PruneNodes...
WriteBSP...
done (0)
writing f:\workspace\game\counter-strike global offensive\maps\aim_underground\sdk_content\maps\aim_underground_build1.prt...Building visibility clusters...
AutoVisClustering (threshold=-1) matched 0 leafs.
done (0)
Finding displacement neighbors...
Found a displacement edge abutting multiple other edges.
Finding lightmap sample positions...
Displacement Alpha : 0...1...2...3...4...5...6...7...8...9...10
Building Physics collision data...
done (1) (287398 bytes)
Placing detail props : 0...1...2...3...4...5...6...7...8...9...10
Water found with no water_lod_control entity, creating a default one.
Compacting texture/material tables...
Reduced 266 texinfos to 122
Reduced 27 texdatas to 26 (943 bytes to 860)
Writing f:\workspace\game\counter-strike global offensive\maps\aim_underground\sdk_content\maps\aim_underground_build1.bsp
MSG_FILEWRITE - Filesystem was asked to write to 'f:\workspace\game\counter-strike global offensive\maps\aim_underground\sdk_content\maps\aim_underground_build1.bsp', but we don't own that location. Allowing...
2 seconds elapsed



2 threads
reading f:\workspace\game\counter-strike global offensive\maps\aim_underground\sdk_content\maps\aim_underground_build1.bsp
reading f:\workspace\game\counter-strike global offensive\maps\aim_underground\sdk_content\maps\aim_underground_build1.prt
 572 portalclusters
1614 numportals
0...1...2...3...4...5...6...7...8...9...10Optimized: 7002 visible clusters (0.00%)
Total clusters visible: 256734
Average clusters visible: 448
Building PAS...
Average clusters audible: 566
visdatasize:85326  compressed from 82368
writing f:\workspace\game\counter-strike global offensive\maps\aim_underground\sdk_content\maps\aim_underground_build1.bsp
MSG_FILEWRITE - Filesystem was asked to write to 'f:\workspace\game\counter-strike global offensive\maps\aim_underground\sdk_content\maps\aim_underground_build1.bsp', but we don't own that location. Allowing...
0 seconds elapsed



materialPath: F:\Program Files\Steam\steamapps\common\Counter-Strike Global Offensive\csgo\materials
Loading f:\workspace\game\counter-strike global offensive\maps\aim_underground\sdk_content\maps\aim_underground_build1.vmf
Map revision 183
fixing up env_cubemap materials on brush sides...
0...1...2...3...4...5...6...7...8...9...100...1...2...3...4...5...6...7...8...9...10Processing areas...done (0)
Building Faces...done (0)
Chop Details...done (0)
Find Visible Detail Sides...done (0)
Merging details...done (0)
FixTjuncs...
PruneNodes...
WriteBSP...
done (1)
writing f:\workspace\game\counter-strike global offensive\maps\aim_underground\sdk_content\maps\aim_underground_build1.prt...Building visibility clusters...
AutoVisClustering (threshold=-1) matched 0 leafs.
done (0)
Finding displacement neighbors...
Found a displacement edge abutting multiple other edges.
Finding lightmap sample positions...
Displacement Alpha : 0...1...2...3...4...5...6...7...8...9...10
Building Physics collision data...
done (1) (308273 bytes)
Placing detail props : 0...1...2...3...4...5...6...7...8...9...10
Water found with no water_lod_control entity, creating a default one.
Compacting texture/material tables...
Reduced 285 texinfos to 136
Reduced 31 texdatas to 30 (1032 bytes to 949)
Writing f:\workspace\game\counter-strike global offensive\maps\aim_underground\sdk_content\maps\aim_underground_build1.bsp
MSG_FILEWRITE - Filesystem was asked to write to 'f:\workspace\game\counter-strike global offensive\maps\aim_underground\sdk_content\maps\aim_underground_build1.bsp', but we don't own that location. Allowing...
3 seconds elapsed



2 threads
reading f:\workspace\game\counter-strike global offensive\maps\aim_underground\sdk_content\maps\aim_underground_build1.bsp
reading f:\workspace\game\counter-strike global offensive\maps\aim_underground\sdk_content\maps\aim_underground_build1.prt
 601 portalclusters
1706 numportals
0...1...2...3...4...5...6...7...8...9...10Optimized: 7344 visible clusters (0.00%)
Total clusters visible: 289315
Average clusters visible: 481
Building PAS...
Average clusters audible: 595
visdatasize:94572  compressed from 96160
writing f:\workspace\game\counter-strike global offensive\maps\aim_underground\sdk_content\maps\aim_underground_build1.bsp
MSG_FILEWRITE - Filesystem was asked to write to 'f:\workspace\game\counter-strike global offensive\maps\aim_underground\sdk_content\maps\aim_underground_build1.bsp', but we don't own that location. Allowing...
0 seconds elapsed



materialPath: F:\Program Files\Steam\steamapps\common\Counter-Strike Global Offensive\csgo\materials
Loading f:\workspace\game\counter-strike global offensive\maps\aim_underground\sdk_content\maps\aim_underground_build1.vmf
Map revision 184
fixing up env_cubemap materials on brush sides...
0...1...2...3...4...5...6...7...8...9...100...1...2...3...4...5...6...7...8...9...10Processing areas...done (0)
Building Faces...done (0)
Chop Details...done (0)
Find Visible Detail Sides...done (0)
Merging details...done (0)
FixTjuncs...
PruneNodes...
WriteBSP...
done (0)
writing f:\workspace\game\counter-strike global offensive\maps\aim_underground\sdk_content\maps\aim_underground_build1.prt...Building visibility clusters...
AutoVisClustering (threshold=-1) matched 0 leafs.
done (0)
Finding displacement neighbors...
Found a displacement edge abutting multiple other edges.
Finding lightmap sample positions...
Displacement Alpha : 0...1...2...3...4...5...6...7...8...9...10
Building Physics collision data...
done (0) (308273 bytes)
Placing detail props : 0...1...2...3...4...5...6...7...8...9...10
Water found with no water_lod_control entity, creating a default one.
Compacting texture/material tables...
Reduced 287 texinfos to 136
Reduced 31 texdatas to 30 (1032 bytes to 949)
Writing f:\workspace\game\counter-strike global offensive\maps\aim_underground\sdk_content\maps\aim_underground_build1.bsp
MSG_FILEWRITE - Filesystem was asked to write to 'f:\workspace\game\counter-strike global offensive\maps\aim_underground\sdk_content\maps\aim_underground_build1.bsp', but we don't own that location. Allowing...
3 seconds elapsed



2 threads
reading f:\workspace\game\counter-strike global offensive\maps\aim_underground\sdk_content\maps\aim_underground_build1.bsp
reading f:\workspace\game\counter-strike global offensive\maps\aim_underground\sdk_content\maps\aim_underground_build1.prt
 607 portalclusters
1735 numportals
0...1...2...3...4...5...6...7...8...9...10Optimized: 7520 visible clusters (0.00%)
Total clusters visible: 295915
Average clusters visible: 487
Building PAS...
Average clusters audible: 601
visdatasize:95479  compressed from 97120
writing f:\workspace\game\counter-strike global offensive\maps\aim_underground\sdk_content\maps\aim_underground_build1.bsp
MSG_FILEWRITE - Filesystem was asked to write to 'f:\workspace\game\counter-strike global offensive\maps\aim_underground\sdk_content\maps\aim_underground_build1.bsp', but we don't own that location. Allowing...
0 seconds elapsed



materialPath: F:\Program Files\Steam\steamapps\common\Counter-Strike Global Offensive\csgo\materials
Loading f:\workspace\game\counter-strike global offensive\maps\aim_underground\sdk_content\maps\aim_underground_build1.vmf
Map revision 185
fixing up env_cubemap materials on brush sides...
0...1...2...3...4...5...6...7...8...9...100...1...2...3...4...5...6...7...8...9...10Processing areas...done (0)
Building Faces...done (0)
Chop Details...done (0)
Find Visible Detail Sides...done (0)
Merging details...done (0)
FixTjuncs...
PruneNodes...
WriteBSP...
done (0)
writing f:\workspace\game\counter-strike global offensive\maps\aim_underground\sdk_content\maps\aim_underground_build1.prt...Building visibility clusters...
AutoVisClustering (threshold=-1) matched 0 leafs.
done (0)
Finding displacement neighbors...
Found a displacement edge abutting multiple other edges.
Finding lightmap sample positions...
Displacement Alpha : 0...1...2...3...4...5...6...7...8...9...10
Building Physics collision data...
done (1) (308273 bytes)
Placing detail props : 0...1...2...3...4...5...6...7...8...9...10
Water found with no water_lod_control entity, creating a default one.
Compacting texture/material tables...
Reduced 281 texinfos to 134
Reduced 29 texdatas to 28 (1000 bytes to 917)
Writing f:\workspace\game\counter-strike global offensive\maps\aim_underground\sdk_content\maps\aim_underground_build1.bsp
MSG_FILEWRITE - Filesystem was asked to write to 'f:\workspace\game\counter-strike global offensive\maps\aim_underground\sdk_content\maps\aim_underground_build1.bsp', but we don't own that location. Allowing...
2 seconds elapsed



2 threads
reading f:\workspace\game\counter-strike global offensive\maps\aim_underground\sdk_content\maps\aim_underground_build1.bsp
reading f:\workspace\game\counter-strike global offensive\maps\aim_underground\sdk_content\maps\aim_underground_build1.prt
 599 portalclusters
1705 numportals
0...1...2...3...4...5...6...7...8...9...10Optimized: 7352 visible clusters (0.00%)
Total clusters visible: 287233
Average clusters visible: 479
Building PAS...
Average clusters audible: 593
visdatasize:93047  compressed from 95840
writing f:\workspace\game\counter-strike global offensive\maps\aim_underground\sdk_content\maps\aim_underground_build1.bsp
MSG_FILEWRITE - Filesystem was asked to write to 'f:\workspace\game\counter-strike global offensive\maps\aim_underground\sdk_content\maps\aim_underground_build1.bsp', but we don't own that location. Allowing...
0 seconds elapsed



materialPath: F:\Program Files\Steam\steamapps\common\Counter-Strike Global Offensive\csgo\materials
Loading f:\workspace\game\counter-strike global offensive\maps\aim_underground\sdk_content\maps\aim_underground_build1.vmf
Map revision 185
fixing up env_cubemap materials on brush sides...
0...1...2...3...4...5...6...7...8...9...100...1...2...3...4...5...6...7...8...9...10Processing areas...done (0)
Building Faces...done (0)
Chop Details...done (0)
Find Visible Detail Sides...done (0)
Merging details...done (0)
FixTjuncs...
PruneNodes...
WriteBSP...
done (0)
writing f:\workspace\game\counter-strike global offensive\maps\aim_underground\sdk_content\maps\aim_underground_build1.prt...Building visibility clusters...
AutoVisClustering (threshold=-1) matched 0 leafs.
done (0)
Finding displacement neighbors...
Found a displacement edge abutting multiple other edges.
Finding lightmap sample positions...
Displacement Alpha : 0...1...2...3...4...5...6...7...8...9...10
Building Physics collision data...
done (1) (308273 bytes)
Placing detail props : 0...1...2...3...4...5...6...7...8...9...10
Water found with no water_lod_control entity, creating a default one.
Compacting texture/material tables...
Reduced 281 texinfos to 134
Reduced 29 texdatas to 28 (1000 bytes to 917)
Writing f:\workspace\game\counter-strike global offensive\maps\aim_underground\sdk_content\maps\aim_underground_build1.bsp
MSG_FILEWRITE - Filesystem was asked to write to 'f:\workspace\game\counter-strike global offensive\maps\aim_underground\sdk_content\maps\aim_underground_build1.bsp', but we don't own that location. Allowing...
2 seconds elapsed



2 threads
reading f:\workspace\game\counter-strike global offensive\maps\aim_underground\sdk_content\maps\aim_underground_build1.bsp
reading f:\workspace\game\counter-strike global offensive\maps\aim_underground\sdk_content\maps\aim_underground_build1.prt
 599 portalclusters
1705 numportals
0...1...2...3...4...5...6...7...8...9...10Optimized: 7352 visible clusters (0.00%)
Total clusters visible: 287233
Average clusters visible: 479
Building PAS...
Average clusters audible: 593
visdatasize:93047  compressed from 95840
writing f:\workspace\game\counter-strike global offensive\maps\aim_underground\sdk_content\maps\aim_underground_build1.bsp
MSG_FILEWRITE - Filesystem was asked to write to 'f:\workspace\game\counter-strike global offensive\maps\aim_underground\sdk_content\maps\aim_underground_build1.bsp', but we don't own that location. Allowing...
0 seconds elapsed



materialPath: F:\Program Files\Steam\steamapps\common\Counter-Strike Global Offensive\csgo\materials
Loading f:\workspace\game\counter-strike global offensive\maps\aim_underground\sdk_content\maps\aim_underground_build1.vmf
Map revision 189
fixing up env_cubemap materials on brush sides...
0...1...2...3...4...5...6...7...8...9...100...1...2...3...4...5...6...7...8...9...10Processing areas...done (0)
Building Faces...done (0)
Chop Details...done (0)
Find Visible Detail Sides...done (0)
Merging details...done (0)
FixTjuncs...
PruneNodes...
WriteBSP...
done (0)
writing f:\workspace\game\counter-strike global offensive\maps\aim_underground\sdk_content\maps\aim_underground_build1.prt...Building visibility clusters...
AutoVisClustering (threshold=-1) matched 0 leafs.
done (0)
Finding displacement neighbors...
Found a displacement edge abutting multiple other edges.
Finding lightmap sample positions...
Displacement Alpha : 0...1...2...3...4...5...6...7...8...9...10
Building Physics collision data...
done (1) (305649 bytes)
Placing detail props : 0...1...2...3...4...5...6...7...8...9...10
Water found with no water_lod_control entity, creating a default one.
Compacting texture/material tables...
Reduced 318 texinfos to 217
Reduced 29 texdatas to 28 (1000 bytes to 917)
Writing f:\workspace\game\counter-strike global offensive\maps\aim_underground\sdk_content\maps\aim_underground_build1.bsp
MSG_FILEWRITE - Filesystem was asked to write to 'f:\workspace\game\counter-strike global offensive\maps\aim_underground\sdk_content\maps\aim_underground_build1.bsp', but we don't own that location. Allowing...
2 seconds elapsed



2 threads
reading f:\workspace\game\counter-strike global offensive\maps\aim_underground\sdk_content\maps\aim_underground_build1.bsp
reading f:\workspace\game\counter-strike global offensive\maps\aim_underground\sdk_content\maps\aim_underground_build1.prt
 593 portalclusters
1686 numportals
0...1...2...3...4...5...6...7...8...9...10Optimized: 6441 visible clusters (0.00%)
Total clusters visible: 280620
Average clusters visible: 473
Building PAS...
Average clusters audible: 587
visdatasize:92001  compressed from 94880
writing f:\workspace\game\counter-strike global offensive\maps\aim_underground\sdk_content\maps\aim_underground_build1.bsp
MSG_FILEWRITE - Filesystem was asked to write to 'f:\workspace\game\counter-strike global offensive\maps\aim_underground\sdk_content\maps\aim_underground_build1.bsp', but we don't own that location. Allowing...
0 seconds elapsed



materialPath: F:\Program Files\Steam\steamapps\common\Counter-Strike Global Offensive\csgo\materials
Loading f:\workspace\game\counter-strike global offensive\maps\aim_underground\sdk_content\maps\aim_underground_build1.vmf
Map revision 190
fixing up env_cubemap materials on brush sides...
0...1...2...3...4...5...6...7...8...9...100...1...2...3...4...5...6...7...8...9...10Processing areas...done (0)
Building Faces...done (0)
Chop Details...done (0)
Find Visible Detail Sides...done (0)
Merging details...done (0)
FixTjuncs...
PruneNodes...
WriteBSP...
done (1)
writing f:\workspace\game\counter-strike global offensive\maps\aim_underground\sdk_content\maps\aim_underground_build1.prt...Building visibility clusters...
AutoVisClustering (threshold=-1) matched 0 leafs.
done (0)
Finding displacement neighbors...
Found a displacement edge abutting multiple other edges.
Finding lightmap sample positions...
Displacement Alpha : 0...1...2...3...4...5...6...7...8...9...10
Building Physics collision data...
done (1) (316145 bytes)
Placing detail props : 0...1...2...3...4...5...6...7...8...9...10
Water found with no water_lod_control entity, creating a default one.
Compacting texture/material tables...
Reduced 332 texinfos to 218
Reduced 30 texdatas to 29 (1021 bytes to 938)
Writing f:\workspace\game\counter-strike global offensive\maps\aim_underground\sdk_content\maps\aim_underground_build1.bsp
MSG_FILEWRITE - Filesystem was asked to write to 'f:\workspace\game\counter-strike global offensive\maps\aim_underground\sdk_content\maps\aim_underground_build1.bsp', but we don't own that location. Allowing...
3 seconds elapsed



2 threads
reading f:\workspace\game\counter-strike global offensive\maps\aim_underground\sdk_content\maps\aim_underground_build1.bsp
reading f:\workspace\game\counter-strike global offensive\maps\aim_underground\sdk_content\maps\aim_underground_build1.prt
 593 portalclusters
1686 numportals
0...1...2...3...4...5...6...7...8...9...10Optimized: 6441 visible clusters (0.00%)
Total clusters visible: 280620
Average clusters visible: 473
Building PAS...
Average clusters audible: 587
visdatasize:92001  compressed from 94880
writing f:\workspace\game\counter-strike global offensive\maps\aim_underground\sdk_content\maps\aim_underground_build1.bsp
MSG_FILEWRITE - Filesystem was asked to write to 'f:\workspace\game\counter-strike global offensive\maps\aim_underground\sdk_content\maps\aim_underground_build1.bsp', but we don't own that location. Allowing...
1 second elapsed



materialPath: F:\Program Files\Steam\steamapps\common\Counter-Strike Global Offensive\csgo\materials
Loading f:\workspace\game\counter-strike global offensive\maps\aim_underground\sdk_content\maps\aim_underground_build1.vmf
Map revision 191
fixing up env_cubemap materials on brush sides...
0...1...2...3...4...5...6...7...8...9...100...1...2...3...4...5...6...7...8...9...10Processing areas...done (0)
Building Faces...done (0)
Chop Details...done (0)
Find Visible Detail Sides...done (0)
Merging details...done (0)
FixTjuncs...
PruneNodes...
WriteBSP...
done (0)
writing f:\workspace\game\counter-strike global offensive\maps\aim_underground\sdk_content\maps\aim_underground_build1.prt...Building visibility clusters...
AutoVisClustering (threshold=-1) matched 0 leafs.
done (0)
Finding displacement neighbors...
Found a displacement edge abutting multiple other edges.
Finding lightmap sample positions...
Displacement Alpha : 0...1...2...3...4...5...6...7...8...9...10
Building Physics collision data...
done (1) (317024 bytes)
Placing detail props : 0...1...2...3...4...5...6...7...8...9...10
Water found with no water_lod_control entity, creating a default one.
Compacting texture/material tables...
Reduced 335 texinfos to 218
Reduced 31 texdatas to 30 (1048 bytes to 965)
Writing f:\workspace\game\counter-strike global offensive\maps\aim_underground\sdk_content\maps\aim_underground_build1.bsp
MSG_FILEWRITE - Filesystem was asked to write to 'f:\workspace\game\counter-strike global offensive\maps\aim_underground\sdk_content\maps\aim_underground_build1.bsp', but we don't own that location. Allowing...
2 seconds elapsed



2 threads
reading f:\workspace\game\counter-strike global offensive\maps\aim_underground\sdk_content\maps\aim_underground_build1.bsp
reading f:\workspace\game\counter-strike global offensive\maps\aim_underground\sdk_content\maps\aim_underground_build1.prt
 593 portalclusters
1686 numportals
0...1...2...3...4...5...6...7...8...9...10Optimized: 6441 visible clusters (0.00%)
Total clusters visible: 280620
Average clusters visible: 473
Building PAS...
Average clusters audible: 587
visdatasize:92001  compressed from 94880
writing f:\workspace\game\counter-strike global offensive\maps\aim_underground\sdk_content\maps\aim_underground_build1.bsp
MSG_FILEWRITE - Filesystem was asked to write to 'f:\workspace\game\counter-strike global offensive\maps\aim_underground\sdk_content\maps\aim_underground_build1.bsp', but we don't own that location. Allowing...
0 seconds elapsed



materialPath: F:\Program Files\Steam\steamapps\common\Counter-Strike Global Offensive\csgo\materials
Loading f:\workspace\game\counter-strike global offensive\maps\aim_underground\sdk_content\maps\aim_underground_build1.vmf
Map revision 192
fixing up env_cubemap materials on brush sides...
0...1...2...3...4...5...6...7...8...9...100...1...2...3...4...5...6...7...8...9...10Processing areas...done (0)
Building Faces...done (0)
Chop Details...done (0)
Find Visible Detail Sides...done (0)
Merging details...done (0)
FixTjuncs...
PruneNodes...
WriteBSP...
done (0)
writing f:\workspace\game\counter-strike global offensive\maps\aim_underground\sdk_content\maps\aim_underground_build1.prt...Building visibility clusters...
AutoVisClustering (threshold=-1) matched 0 leafs.
done (0)
Finding displacement neighbors...
Found a displacement edge abutting multiple other edges.
Finding lightmap sample positions...
Displacement Alpha : 0...1...2...3...4...5...6...7...8...9...10
Building Physics collision data...
done (1) (317024 bytes)
Placing detail props : 0...1...2...3...4...5...6...7...8...9...10
Water found with no water_lod_control entity, creating a default one.
Compacting texture/material tables...
Reduced 335 texinfos to 218
Reduced 31 texdatas to 30 (1048 bytes to 965)
Writing f:\workspace\game\counter-strike global offensive\maps\aim_underground\sdk_content\maps\aim_underground_build1.bsp
MSG_FILEWRITE - Filesystem was asked to write to 'f:\workspace\game\counter-strike global offensive\maps\aim_underground\sdk_content\maps\aim_underground_build1.bsp', but we don't own that location. Allowing...
2 seconds elapsed



2 threads
reading f:\workspace\game\counter-strike global offensive\maps\aim_underground\sdk_content\maps\aim_underground_build1.bsp
reading f:\workspace\game\counter-strike global offensive\maps\aim_underground\sdk_content\maps\aim_underground_build1.prt
 593 portalclusters
1686 numportals
0...1...2...3...4...5...6...7...8...9...10Optimized: 6441 visible clusters (0.00%)
Total clusters visible: 280620
Average clusters visible: 473
Building PAS...
Average clusters audible: 587
visdatasize:92001  compressed from 94880
writing f:\workspace\game\counter-strike global offensive\maps\aim_underground\sdk_content\maps\aim_underground_build1.bsp
MSG_FILEWRITE - Filesystem was asked to write to 'f:\workspace\game\counter-strike global offensive\maps\aim_underground\sdk_content\maps\aim_underground_build1.bsp', but we don't own that location. Allowing...
0 seconds elapsed



materialPath: F:\Program Files\Steam\steamapps\common\Counter-Strike Global Offensive\csgo\materials
Loading f:\workspace\game\counter-strike global offensive\maps\aim_underground\sdk_content\maps\aim_underground_build1.vmf
Map revision 196
fixing up env_cubemap materials on brush sides...
0...1...2...3...4...5...6...7...8...9...100...1...2...3...4...5...6...7...8...9...10Processing areas...done (0)
Building Faces...done (0)
Chop Details...done (0)
Find Visible Detail Sides...done (0)
Merging details...done (0)
FixTjuncs...
PruneNodes...
WriteBSP...
done (0)
writing f:\workspace\game\counter-strike global offensive\maps\aim_underground\sdk_content\maps\aim_underground_build1.prt...Building visibility clusters...
AutoVisClustering (threshold=-1) matched 0 leafs.
done (0)
Finding displacement neighbors...
Found a displacement edge abutting multiple other edges.
Finding lightmap sample positions...
Displacement Alpha : 0...1...2...3...4...5...6...7...8...9...10
Building Physics collision data...
done (1) (317024 bytes)
Placing detail props : 0...1...2...3...4...5...6...7...8...9...10
Water found with no water_lod_control entity, creating a default one.
Compacting texture/material tables...
Reduced 335 texinfos to 218
Reduced 31 texdatas to 30 (1048 bytes to 965)
Writing f:\workspace\game\counter-strike global offensive\maps\aim_underground\sdk_content\maps\aim_underground_build1.bsp
MSG_FILEWRITE - Filesystem was asked to write to 'f:\workspace\game\counter-strike global offensive\maps\aim_underground\sdk_content\maps\aim_underground_build1.bsp', but we don't own that location. Allowing...
2 seconds elapsed



2 threads
reading f:\workspace\game\counter-strike global offensive\maps\aim_underground\sdk_content\maps\aim_underground_build1.bsp
reading f:\workspace\game\counter-strike global offensive\maps\aim_underground\sdk_content\maps\aim_underground_build1.prt
 593 portalclusters
1686 numportals
0...1...2...3...4...5...6...7...8...9...10Optimized: 6441 visible clusters (0.00%)
Total clusters visible: 280620
Average clusters visible: 473
Building PAS...
Average clusters audible: 587
visdatasize:92001  compressed from 94880
writing f:\workspace\game\counter-strike global offensive\maps\aim_underground\sdk_content\maps\aim_underground_build1.bsp
MSG_FILEWRITE - Filesystem was asked to write to 'f:\workspace\game\counter-strike global offensive\maps\aim_underground\sdk_content\maps\aim_underground_build1.bsp', but we don't own that location. Allowing...
0 seconds elapsed



materialPath: F:\Program Files\Steam\steamapps\common\Counter-Strike Global Offensive\csgo\materials
Loading f:\workspace\game\counter-strike global offensive\maps\aim_underground\sdk_content\maps\aim_underground_build1.vmf
Map revision 197
fixing up env_cubemap materials on brush sides...
0...1...2...3...4...5...6...7...8...9...100...1...2...3...4...5...6...7...8...9...10Processing areas...done (0)
Building Faces...done (0)
Chop Details...done (0)
Find Visible Detail Sides...done (0)
Merging details...done (0)
FixTjuncs...
PruneNodes...
WriteBSP...
done (1)
writing f:\workspace\game\counter-strike global offensive\maps\aim_underground\sdk_content\maps\aim_underground_build1.prt...Building visibility clusters...
AutoVisClustering (threshold=-1) matched 0 leafs.
done (0)
Finding displacement neighbors...
Found a displacement edge abutting multiple other edges.
Finding lightmap sample positions...
Displacement Alpha : 0...1...2...3...4...5...6...7...8...9...10
Building Physics collision data...
done (0) (317024 bytes)
Placing detail props : 0...1...2...3...4...5...6...7...8...9...10
Water found with no water_lod_control entity, creating a default one.
Compacting texture/material tables...
Reduced 335 texinfos to 218
Reduced 31 texdatas to 30 (1048 bytes to 965)
Writing f:\workspace\game\counter-strike global offensive\maps\aim_underground\sdk_content\maps\aim_underground_build1.bsp
MSG_FILEWRITE - Filesystem was asked to write to 'f:\workspace\game\counter-strike global offensive\maps\aim_underground\sdk_content\maps\aim_underground_build1.bsp', but we don't own that location. Allowing...
3 seconds elapsed



2 threads
reading f:\workspace\game\counter-strike global offensive\maps\aim_underground\sdk_content\maps\aim_underground_build1.bsp
reading f:\workspace\game\counter-strike global offensive\maps\aim_underground\sdk_content\maps\aim_underground_build1.prt
 593 portalclusters
1686 numportals
0...1...2...3...4...5...6...7...8...9...10Optimized: 6441 visible clusters (0.00%)
Total clusters visible: 280620
Average clusters visible: 473
Building PAS...
Average clusters audible: 587
visdatasize:92001  compressed from 94880
writing f:\workspace\game\counter-strike global offensive\maps\aim_underground\sdk_content\maps\aim_underground_build1.bsp
MSG_FILEWRITE - Filesystem was asked to write to 'f:\workspace\game\counter-strike global offensive\maps\aim_underground\sdk_content\maps\aim_underground_build1.bsp', but we don't own that location. Allowing...
0 seconds elapsed



materialPath: F:\Program Files\Steam\steamapps\common\Counter-Strike Global Offensive\csgo\materials
Loading f:\workspace\game\counter-strike global offensive\maps\aim_underground\sdk_content\maps\aim_underground_build1.vmf
Map revision 198
fixing up env_cubemap materials on brush sides...
0...1...2...3...4...5...6...7...8...9...100...1...2...3...4...5...6...7...8...9...10Processing areas...done (0)
Building Faces...done (0)
Chop Details...done (0)
Find Visible Detail Sides...done (0)
Merging details...done (0)
FixTjuncs...
PruneNodes...
WriteBSP...
done (0)
writing f:\workspace\game\counter-strike global offensive\maps\aim_underground\sdk_content\maps\aim_underground_build1.prt...Building visibility clusters...
AutoVisClustering (threshold=-1) matched 0 leafs.
done (0)
Finding displacement neighbors...
Found a displacement edge abutting multiple other edges.
Finding lightmap sample positions...
Displacement Alpha : 0...1...2...3...4...5...6...7...8...9...10
Building Physics collision data...
done (1) (317024 bytes)
Placing detail props : 0...1...2...3...4...5...6...7...8...9...10
Water found with no water_lod_control entity, creating a default one.
Compacting texture/material tables...
Reduced 335 texinfos to 218
Reduced 31 texdatas to 30 (1048 bytes to 965)
Writing f:\workspace\game\counter-strike global offensive\maps\aim_underground\sdk_content\maps\aim_underground_build1.bsp
MSG_FILEWRITE - Filesystem was asked to write to 'f:\workspace\game\counter-strike global offensive\maps\aim_underground\sdk_content\maps\aim_underground_build1.bsp', but we don't own that location. Allowing...
2 seconds elapsed



2 threads
reading f:\workspace\game\counter-strike global offensive\maps\aim_underground\sdk_content\maps\aim_underground_build1.bsp
reading f:\workspace\game\counter-strike global offensive\maps\aim_underground\sdk_content\maps\aim_underground_build1.prt
 593 portalclusters
1686 numportals
0...1...2...3...4...5...6...7...8...9...10Optimized: 6441 visible clusters (0.00%)
Total clusters visible: 280620
Average clusters visible: 473
Building PAS...
Average clusters audible: 587
visdatasize:92001  compressed from 94880
writing f:\workspace\game\counter-strike global offensive\maps\aim_underground\sdk_content\maps\aim_underground_build1.bsp
MSG_FILEWRITE - Filesystem was asked to write to 'f:\workspace\game\counter-strike global offensive\maps\aim_underground\sdk_content\maps\aim_underground_build1.bsp', but we don't own that location. Allowing...
0 seconds elapsed



materialPath: F:\Program Files\Steam\steamapps\common\Counter-Strike Global Offensive\csgo\materials
Loading f:\workspace\game\counter-strike global offensive\maps\aim_underground\sdk_content\maps\aim_underground_build1.vmf
Map revision 201
fixing up env_cubemap materials on brush sides...
0...1...2...3...4...5...6...7...8...9...100...1...2...3...4...5...6...7...8...9...10Processing areas...done (0)
Building Faces...done (0)
Chop Details...done (0)
Find Visible Detail Sides...done (1)
Merging details...done (0)
FixTjuncs...
PruneNodes...
WriteBSP...
done (0)
writing f:\workspace\game\counter-strike global offensive\maps\aim_underground\sdk_content\maps\aim_underground_build1.prt...Building visibility clusters...
AutoVisClustering (threshold=-1) matched 0 leafs.
done (0)
Finding displacement neighbors...
Found a displacement edge abutting multiple other edges.
Finding lightmap sample positions...
Displacement Alpha : 0...1...2...3...4...5...6...7...8...9...10
Building Physics collision data...
done (0) (317024 bytes)
Placing detail props : 0...1...2...3...4...5...6...7...8...9...10
Water found with no water_lod_control entity, creating a default one.
Compacting texture/material tables...
Reduced 335 texinfos to 218
Reduced 31 texdatas to 30 (1048 bytes to 965)
Writing f:\workspace\game\counter-strike global offensive\maps\aim_underground\sdk_content\maps\aim_underground_build1.bsp
MSG_FILEWRITE - Filesystem was asked to write to 'f:\workspace\game\counter-strike global offensive\maps\aim_underground\sdk_content\maps\aim_underground_build1.bsp', but we don't own that location. Allowing...
3 seconds elapsed



2 threads
reading f:\workspace\game\counter-strike global offensive\maps\aim_underground\sdk_content\maps\aim_underground_build1.bsp
reading f:\workspace\game\counter-strike global offensive\maps\aim_underground\sdk_content\maps\aim_underground_build1.prt
 593 portalclusters
1686 numportals
0...1...2...3...4...5...6...7...8...9...100...1...2...3...4...5...6...7...8...9...10Optimized: 1239 visible clusters (0.00%)
Total clusters visible: 190934
Average clusters visible: 321
Building PAS...
Average clusters audible: 572
visdatasize:88499  compressed from 94880
writing f:\workspace\game\counter-strike global offensive\maps\aim_underground\sdk_content\maps\aim_underground_build1.bsp
MSG_FILEWRITE - Filesystem was asked to write to 'f:\workspace\game\counter-strike global offensive\maps\aim_underground\sdk_content\maps\aim_underground_build1.bsp', but we don't own that location. Allowing...
2 minutes, 4 seconds elapsed



[Reading texlights from 'lights.rad']
[40 texlights parsed from 'lights.rad']

Loading f:\workspace\game\counter-strike global offensive\maps\aim_underground\sdk_content\maps\aim_underground_build1.bsp
3955 faces
2607598 square feet [375494144.00 square inches]
526 Displacements
4841 Square Feet [697208.00 Square Inches]
3955 patches before subdivision
159473 patches after subdivision
130 direct lights
0...1...2...3...4...5...6...7...8...9...100...1...2...3...4...5...6...7...8...9...10transfers 36490048, max 1151
transfer lists: 278.4 megs
0...1...2...3...4...5...6...7...8...9...10	Bounce #1 added RGB(479089, 373235, 316726)
0...1...2...3...4...5...6...7...8...9...10	Bounce #2 added RGB(85393, 61213, 51308)
0...1...2...3...4...5...6...7...8...9...10	Bounce #3 added RGB(15413, 10193, 8382)
0...1...2...3...4...5...6...7...8...9...10	Bounce #4 added RGB(2857, 1782, 1456)
0...1...2...3...4...5...6...7...8...9...10	Bounce #5 added RGB(531, 313, 252)
0...1...2...3...4...5...6...7...8...9...10	Bounce #6 added RGB(100, 56, 45)
0...1...2...3...4...5...6...7...8...9...10	Bounce #7 added RGB(19, 10, 8)
0...1...2...3...4...5...6...7...8...9...10	Bounce #8 added RGB(4, 2, 1)
0...1...2...3...4...5...6...7...8...9...10	Bounce #9 added RGB(1, 0, 0)
Build Patch/Sample Hash Table(s).....Done<0.0795 sec>
0...1...2...3...4...5...6...7...8...9...10FinalLightFace Done
0 of 0 (0% of) surface lights went in leaf ambient cubes.
0...1...2...3...4...5...6...7...8...9...10Writing leaf ambient...done
Computing static prop lighting : 00...1...2...3...4...5...6...7...8...9...10
Ready to Finish

Object names       Objects/Maxobjs  Memory / Maxmem  Fullness 
------------       ---------------  ---------------  -------- 
models                  11/1024          528/49152    ( 1.1%) 
brushes                929/8192        11148/98304    (11.3%) 
brushsides            5690/81920       45520/655360   ( 6.9%) 
planes                 782/65536       15640/1310720  ( 1.2%) 
vertexes              6162/65536       73944/786432   ( 9.4%) 
nodes                 1723/65536       55136/2097152  ( 2.6%) 
texinfos               218/12288       15696/884736   ( 1.8%) 
texdata                 30/4096          960/131072   ( 0.7%) 
dispinfos              526/0           92576/0        ( 0.0%) 
disp_verts           13150/0          263000/0        ( 0.0%) 
disp_tris            16832/0           33664/0        ( 0.0%) 
disp_multiblend          0/0               0/0        ( 0.0%) 
disp_lmsamples      187872/0          187872/0        ( 0.0%) 
faces                 3955/65536      221480/3670016  ( 6.0%) 
hdr faces                0/65536           0/3670016  ( 0.0%) 
origfaces             2184/65536      122304/3670016  ( 3.3%) 
facebrushes           1016/0            2032/0        ( 0.0%) 
facebrushlists        3955/0           15820/0        ( 0.0%) 
leaves                1735/65536       55520/2097152  ( 2.6%) 
leaffaces             4418/65536        8836/131072   ( 6.7%) 
leafbrushes           1639/65536        3278/131072   ( 2.5%) 
areas                    3/1024           24/8192     ( 0.3%) 
surfedges            27438/512000     109752/2048000  ( 5.4%) 
edges                16047/256000      64188/1024000  ( 6.3%) 
LDR worldlights        130/8192        13000/819200   ( 1.6%) 
HDR worldlights          0/8192            0/819200   ( 0.0%) 
leafwaterdata            1/32768          12/393216   ( 0.0%) 
waterstrips            607/32768        6070/327680   ( 1.9%) 
waterverts               0/65536           0/786432   ( 0.0%) 
waterindices          8385/65536       16770/131072   (12.8%) 
cubemapsamples           0/1024            0/16384    ( 0.0%) 
overlays                 0/1024            0/360448   ( 0.0%) 
LDR lightdata         [variable]     5802828/0        ( 0.0%) 
HDR lightdata         [variable]           0/0        ( 0.0%) 
visdata               [variable]       88499/16777216 ( 0.5%) 
entdata               [variable]       87741/393216   (22.3%) 
LDR ambient table     1735/65536        6940/262144   ( 2.6%) 
HDR ambient table     1735/65536        6940/262144   ( 2.6%) 
LDR leaf ambient      5733/65536      160524/1835008  ( 8.7%) 
HDR leaf ambient      1735/65536       48580/1835008  ( 2.6%) 
occluders                0/0               0/0        ( 0.0%) 
occluder polygons        0/0               0/0        ( 0.0%) 
occluder vert ind        0/0               0/0        ( 0.0%) 
detail props          [variable]           1/12       ( 8.3%) 
static props          [variable]           1/16372    ( 0.0%) 
pakfile               [variable]      471786/0        ( 0.0%) 
physics               [variable]      317024/4194304  ( 7.6%) 
physics terrain       [variable]       27880/1048576  ( 2.7%) 

Level flags = 7d

Total triangle count: 10792
Writing f:\workspace\game\counter-strike global offensive\maps\aim_underground\sdk_content\maps\aim_underground_build1.bsp
MSG_FILEWRITE - Filesystem was asked to write to 'f:\workspace\game\counter-strike global offensive\maps\aim_underground\sdk_content\maps\aim_underground_build1.bsp', but we don't own that location. Allowing...
32 minutes, 53 seconds elapsed



[Reading texlights from 'lights.rad']
[40 texlights parsed from 'lights.rad']

Loading f:\workspace\game\counter-strike global offensive\maps\aim_underground\sdk_content\maps\aim_underground_build1.bsp
3955 faces
2607598 square feet [375494144.00 square inches]
526 Displacements
4841 Square Feet [697208.00 Square Inches]
3955 patches before subdivision
159473 patches after subdivision
130 direct lights
0...1...2...3...4...5...6...7...8...9...100...1...2...3...4...5...6...7...8...9...10transfers 36490048, max 1151
transfer lists: 278.4 megs
0...1...2...3...4...5...6...7...8...9...10	Bounce #1 added RGB(479089, 373235, 316726)
0...1...2...3...4...5...6...7...8...9...10	Bounce #2 added RGB(85392, 61213, 51308)
0...1...2...3...4...5...6...7...8...9...10	Bounce #3 added RGB(15413, 10193, 8382)
0...1...2...3...4...5...6...7...8...9...10	Bounce #4 added RGB(2857, 1782, 1456)
0...1...2...3...4...5...6...7...8...9...10	Bounce #5 added RGB(531, 313, 252)
0...1...2...3...4...5...6...7...8...9...10	Bounce #6 added RGB(100, 56, 45)
0...1...2...3...4...5...6...7...8...9...10	Bounce #7 added RGB(19, 10, 8)
0...1...2...3...4...5...6...7...8...9...10	Bounce #8 added RGB(4, 2, 1)
0...1...2...3...4...5...6...7...8...9...10	Bounce #9 added RGB(1, 0, 0)
Build Patch/Sample Hash Table(s).....Done<0.0866 sec>
0...1...2...3...4...5...6...7...8...9...10FinalLightFace Done
0 of 0 (0% of) surface lights went in leaf ambient cubes.
0...1...2...3...4...5...6...7...8...9...10Writing leaf ambient...done
Computing static prop lighting : 00...1...2...3...4...5...6...7...8...9...10
Ready to Finish

Object names       Objects/Maxobjs  Memory / Maxmem  Fullness 
------------       ---------------  ---------------  -------- 
models                  11/1024          528/49152    ( 1.1%) 
brushes                929/8192        11148/98304    (11.3%) 
brushsides            5690/81920       45520/655360   ( 6.9%) 
planes                 782/65536       15640/1310720  ( 1.2%) 
vertexes              6162/65536       73944/786432   ( 9.4%) 
nodes                 1723/65536       55136/2097152  ( 2.6%) 
texinfos               218/12288       15696/884736   ( 1.8%) 
texdata                 30/4096          960/131072   ( 0.7%) 
dispinfos              526/0           92576/0        ( 0.0%) 
disp_verts           13150/0          263000/0        ( 0.0%) 
disp_tris            16832/0           33664/0        ( 0.0%) 
disp_multiblend          0/0               0/0        ( 0.0%) 
disp_lmsamples      187872/0          187872/0        ( 0.0%) 
faces                 3955/65536      221480/3670016  ( 6.0%) 
hdr faces             3955/65536      221480/3670016  ( 6.0%) 
origfaces             2184/65536      122304/3670016  ( 3.3%) 
facebrushes           1016/0            2032/0        ( 0.0%) 
facebrushlists        3955/0           15820/0        ( 0.0%) 
leaves                1735/65536       55520/2097152  ( 2.6%) 
leaffaces             4418/65536        8836/131072   ( 6.7%) 
leafbrushes           1639/65536        3278/131072   ( 2.5%) 
areas                    3/1024           24/8192     ( 0.3%) 
surfedges            27438/512000     109752/2048000  ( 5.4%) 
edges                16047/256000      64188/1024000  ( 6.3%) 
LDR worldlights        130/8192        13000/819200   ( 1.6%) 
HDR worldlights        130/8192        13000/819200   ( 1.6%) 
leafwaterdata            1/32768          12/393216   ( 0.0%) 
waterstrips            607/32768        6070/327680   ( 1.9%) 
waterverts               0/65536           0/786432   ( 0.0%) 
waterindices          8385/65536       16770/131072   (12.8%) 
cubemapsamples           0/1024            0/16384    ( 0.0%) 
overlays                 0/1024            0/360448   ( 0.0%) 
LDR lightdata         [variable]     5802828/0        ( 0.0%) 
HDR lightdata         [variable]     5802828/0        ( 0.0%) 
visdata               [variable]       88499/16777216 ( 0.5%) 
entdata               [variable]       87741/393216   (22.3%) 
LDR ambient table     1735/65536        6940/262144   ( 2.6%) 
HDR ambient table     1735/65536        6940/262144   ( 2.6%) 
LDR leaf ambient      5733/65536      160524/1835008  ( 8.7%) 
HDR leaf ambient      5733/65536      160524/1835008  ( 8.7%) 
occluders                0/0               0/0        ( 0.0%) 
occluder polygons        0/0               0/0        ( 0.0%) 
occluder vert ind        0/0               0/0        ( 0.0%) 
detail props          [variable]           1/12       ( 8.3%) 
static props          [variable]           1/16372    ( 0.0%) 
pakfile               [variable]      869950/0        ( 0.0%) 
physics               [variable]      317024/4194304  ( 7.6%) 
physics terrain       [variable]       27880/1048576  ( 2.7%) 

Level flags = 7f

Total triangle count: 10792
Writing f:\workspace\game\counter-strike global offensive\maps\aim_underground\sdk_content\maps\aim_underground_build1.bsp
MSG_FILEWRITE - Filesystem was asked to write to 'f:\workspace\game\counter-strike global offensive\maps\aim_underground\sdk_content\maps\aim_underground_build1.bsp', but we don't own that location. Allowing...
33 minutes, 11 seconds elapsed



materialPath: F:\Program Files\Steam\steamapps\common\Counter-Strike Global Offensive\csgo\materials
Loading f:\workspace\game\counter-strike global offensive\maps\aim_underground\sdk_content\maps\aim_underground_build1.vmf
Map revision 204
fixing up env_cubemap materials on brush sides...
0...1...2...3...4...5...6...7...8...9...100...1...2...3...4...5...6...7...8...9...10Processing areas...done (0)
Building Faces...done (0)
Chop Details...done (0)
Find Visible Detail Sides...done (1)
Merging details...done (0)
FixTjuncs...
PruneNodes...
WriteBSP...



materialPath: F:\Program Files\Steam\steamapps\common\Counter-Strike Global Offensive\csgo\materials
Loading f:\workspace\game\counter-strike global offensive\maps\aim_underground\sdk_content\maps\aim_underground_build1.vmf
Map revision 205
fixing up env_cubemap materials on brush sides...
0...1...2...3...4...5...6...7...8...9...100...1...2...3...4...5...6...7...8...9...10Processing areas...done (0)
Building Faces...done (0)
Chop Details...done (0)
Find Visible Detail Sides...done (0)
Merging details...done (0)
FixTjuncs...
PruneNodes...
WriteBSP...
done (0)
writing f:\workspace\game\counter-strike global offensive\maps\aim_underground\sdk_content\maps\aim_underground_build1.prt...Building visibility clusters...
AutoVisClustering (threshold=-1) matched 0 leafs.
done (0)
Finding displacement neighbors...
Found a displacement edge abutting multiple other edges.
Finding lightmap sample positions...
Displacement Alpha : 0...1...2...3...4...5...6...7...8...9...10
Building Physics collision data...
done (0) (317024 bytes)
Placing detail props : 0...1...2...3...4...5...6...7...8...9...10
Water found with no water_lod_control entity, creating a default one.
Compacting texture/material tables...
Reduced 338 texinfos to 220
Reduced 33 texdatas to 32 (1136 bytes to 1053)
Writing f:\workspace\game\counter-strike global offensive\maps\aim_underground\sdk_content\maps\aim_underground_build1.bsp
MSG_FILEWRITE - Filesystem was asked to write to 'f:\workspace\game\counter-strike global offensive\maps\aim_underground\sdk_content\maps\aim_underground_build1.bsp', but we don't own that location. Allowing...
2 seconds elapsed



materialPath: F:\Program Files\Steam\steamapps\common\Counter-Strike Global Offensive\csgo\materials
Loading f:\workspace\game\counter-strike global offensive\maps\aim_underground\sdk_content\maps\aim_underground_build1.vmf
Map revision 206
fixing up env_cubemap materials on brush sides...
0...1...2...3...4...5...6...7...8...9...100...1...2...3...4...5...6...7...8...9...10Processing areas...done (0)
Building Faces...done (0)
Chop Details...done (0)
Find Visible Detail Sides...done (0)
Merging details...done (0)
FixTjuncs...
PruneNodes...
WriteBSP...
done (0)
writing f:\workspace\game\counter-strike global offensive\maps\aim_underground\sdk_content\maps\aim_underground_build1.prt...Building visibility clusters...
AutoVisClustering (threshold=-1) matched 0 leafs.
done (0)
Finding displacement neighbors...
Found a displacement edge abutting multiple other edges.
Finding lightmap sample positions...
Displacement Alpha : 0...1...2...3...4...5...6...7...8...9...10
Building Physics collision data...
done (1) (317024 bytes)
Placing detail props : 0...1...2...3...4...5...6...7...8...9...10
Water found with no water_lod_control entity, creating a default one.
Compacting texture/material tables...
Reduced 338 texinfos to 220
Reduced 33 texdatas to 32 (1136 bytes to 1053)
Writing f:\workspace\game\counter-strike global offensive\maps\aim_underground\sdk_content\maps\aim_underground_build1.bsp
MSG_FILEWRITE - Filesystem was asked to write to 'f:\workspace\game\counter-strike global offensive\maps\aim_underground\sdk_content\maps\aim_underground_build1.bsp', but we don't own that location. Allowing...
2 seconds elapsed



2 threads
reading f:\workspace\game\counter-strike global offensive\maps\aim_underground\sdk_content\maps\aim_underground_build1.bsp
reading f:\workspace\game\counter-strike global offensive\maps\aim_underground\sdk_content\maps\aim_underground_build1.prt
 593 portalclusters
1686 numportals
0...1...2...3...4...5...6...7...8...9...100...1...2...3...4...5...6...7...8...9...10Optimized: 1239 visible clusters (0.00%)
Total clusters visible: 190934
Average clusters visible: 321
Building PAS...
Average clusters audible: 572
visdatasize:88499  compressed from 94880
writing f:\workspace\game\counter-strike global offensive\maps\aim_underground\sdk_content\maps\aim_underground_build1.bsp
MSG_FILEWRITE - Filesystem was asked to write to 'f:\workspace\game\counter-strike global offensive\maps\aim_underground\sdk_content\maps\aim_underground_build1.bsp', but we don't own that location. Allowing...
2 minutes, 6 seconds elapsed



[Reading texlights from 'lights.rad']
[40 texlights parsed from 'lights.rad']

Loading f:\workspace\game\counter-strike global offensive\maps\aim_underground\sdk_content\maps\aim_underground_build1.bsp
3957 faces
2607598 square feet [375494144.00 square inches]
526 Displacements
4841 Square Feet [697208.00 Square Inches]
3957 patches before subdivision
160055 patches after subdivision
132 direct lights
0...1...2...3...4...5...6...7...8...9...100...1...2...3...4...5...6...7...8...9...10transfers 36679782, max 1149
transfer lists: 279.8 megs
0...1...2...3...4...5...6...7...8...9...10	Bounce #1 added RGB(480653, 372050, 317079)
0...1...2...3...4...5...6...7...8...9...10	Bounce #2 added RGB(85660, 60958, 51360)
0...1...2...3...4...5...6...7...8...9...10	Bounce #3 added RGB(15459, 10136, 8386)
0...1...2...3...4...5...6...7...8...9...10	Bounce #4 added RGB(2865, 1771, 1456)
0...1...2...3...4...5...6...7...8...9...10	Bounce #5 added RGB(533, 311, 252)
0...1...2...3...4...5...6...7...8...9...10	Bounce #6 added RGB(100, 56, 45)
0...1...2...3...4...5...6...7...8...9...10	Bounce #7 added RGB(19, 10, 8)
0...1...2...3...4...5...6...7...8...9...10	Bounce #8 added RGB(4, 2, 1)
0...1...2...3...4...5...6...7...8...9...10	Bounce #9 added RGB(1, 0, 0)
Build Patch/Sample Hash Table(s).....Done<0.0982 sec>
0...1...2...3...4...5...6...7...8...9...10FinalLightFace Done
0 of 0 (0% of) surface lights went in leaf ambient cubes.
0...1...2...3...4...5...6...7...8...9...10Writing leaf ambient...done
Computing static prop lighting : 00...1...2...3...4...5...6...7...8...9...10
Ready to Finish

Object names       Objects/Maxobjs  Memory / Maxmem  Fullness 
------------       ---------------  ---------------  -------- 
models                  11/1024          528/49152    ( 1.1%) 
brushes                929/8192        11148/98304    (11.3%) 
brushsides            5690/81920       45520/655360   ( 6.9%) 
planes                 782/65536       15640/1310720  ( 1.2%) 
vertexes              6153/65536       73836/786432   ( 9.4%) 
nodes                 1723/65536       55136/2097152  ( 2.6%) 
texinfos               220/12288       15840/884736   ( 1.8%) 
texdata                 32/4096         1024/131072   ( 0.8%) 
dispinfos              526/0           92576/0        ( 0.0%) 
disp_verts           13150/0          263000/0        ( 0.0%) 
disp_tris            16832/0           33664/0        ( 0.0%) 
disp_multiblend          0/0               0/0        ( 0.0%) 
disp_lmsamples      187872/0          187872/0        ( 0.0%) 
faces                 3957/65536      221592/3670016  ( 6.0%) 
hdr faces                0/65536           0/3670016  ( 0.0%) 
origfaces             2187/65536      122472/3670016  ( 3.3%) 
facebrushes            962/0            1924/0        ( 0.0%) 
facebrushlists        3957/0           15828/0        ( 0.0%) 
leaves                1735/65536       55520/2097152  ( 2.6%) 
leaffaces             4411/65536        8822/131072   ( 6.7%) 
leafbrushes           1639/65536        3278/131072   ( 2.5%) 
areas                    3/1024           24/8192     ( 0.3%) 
surfedges            27464/512000     109856/2048000  ( 5.4%) 
edges                16058/256000      64232/1024000  ( 6.3%) 
LDR worldlights        132/8192        13200/819200   ( 1.6%) 
HDR worldlights          0/8192            0/819200   ( 0.0%) 
leafwaterdata            1/32768          12/393216   ( 0.0%) 
waterstrips            604/32768        6040/327680   ( 1.8%) 
waterverts               0/65536           0/786432   ( 0.0%) 
waterindices          8361/65536       16722/131072   (12.8%) 
cubemapsamples          54/1024          864/16384    ( 5.3%) 
overlays                19/1024         6688/360448   ( 1.9%) 
LDR lightdata         [variable]     5802468/0        ( 0.0%) 
HDR lightdata         [variable]           0/0        ( 0.0%) 
visdata               [variable]       88499/16777216 ( 0.5%) 
entdata               [variable]       88826/393216   (22.6%) 
LDR ambient table     1735/65536        6940/262144   ( 2.6%) 
HDR ambient table     1735/65536        6940/262144   ( 2.6%) 
LDR leaf ambient      5726/65536      160328/1835008  ( 8.7%) 
HDR leaf ambient      1735/65536       48580/1835008  ( 2.6%) 
occluders                0/0               0/0        ( 0.0%) 
occluder polygons        0/0               0/0        ( 0.0%) 
occluder vert ind        0/0               0/0        ( 0.0%) 
detail props          [variable]           1/12       ( 8.3%) 
static props          [variable]           1/16372    ( 0.0%) 
pakfile               [variable]     4267630/0        ( 0.0%) 
physics               [variable]      317024/4194304  ( 7.6%) 
physics terrain       [variable]       27880/1048576  ( 2.7%) 

Level flags = 7d

Total triangle count: 10802
Writing f:\workspace\game\counter-strike global offensive\maps\aim_underground\sdk_content\maps\aim_underground_build1.bsp
MSG_FILEWRITE - Filesystem was asked to write to 'f:\workspace\game\counter-strike global offensive\maps\aim_underground\sdk_content\maps\aim_underground_build1.bsp', but we don't own that location. Allowing...
47 minutes, 9 seconds elapsed



[Reading texlights from 'lights.rad']
[40 texlights parsed from 'lights.rad']

Loading f:\workspace\game\counter-strike global offensive\maps\aim_underground\sdk_content\maps\aim_underground_build1.bsp
3957 faces
2607598 square feet [375494144.00 square inches]
526 Displacements
4841 Square Feet [697208.00 Square Inches]
3957 patches before subdivision
160055 patches after subdivision
132 direct lights
0...1...2...3...4...5...6...7...8...9...100...1...2...3...4...5...6...7...8...9...10transfers 36679782, max 1149
transfer lists: 279.8 megs
0...1...2...3...4...5...6...7...8...9...10	Bounce #1 added RGB(480653, 372050, 317079)
0...1...2...3...4...5...6...7...8...9...10	Bounce #2 added RGB(85660, 60958, 51359)
0...1...2...3...4...5...6...7...8...9...10	Bounce #3 added RGB(15459, 10136, 8386)
0...1...2...3...4...5...6...7...8...9...10	Bounce #4 added RGB(2865, 1771, 1456)
0...1...2...3...4...5...6...7...8...9...10	Bounce #5 added RGB(533, 311, 252)
0...1...2...3...4...5...6...7...8...9...10	Bounce #6 added RGB(100, 56, 45)
0...1...2...3...4...5...6...7...8...9...10	Bounce #7 added RGB(19, 10, 8)
0...1...2...3...4...5...6...7...8...9...10	Bounce #8 added RGB(4, 2, 1)
0...1...2...3...4...5...6...7...8...9...10	Bounce #9 added RGB(1, 0, 0)
Build Patch/Sample Hash Table(s).....Done<0.1498 sec>
0...1...2...3...4...5...6...7...8...9...10FinalLightFace Done
0 of 0 (0% of) surface lights went in leaf ambient cubes.
0...1...2...3...4...5...6...7...8...9...10Writing leaf ambient...done
Computing static prop lighting : 00...1...2...3...4...5...6...7...8...9...10
Ready to Finish

Object names       Objects/Maxobjs  Memory / Maxmem  Fullness 
------------       ---------------  ---------------  -------- 
models                  11/1024          528/49152    ( 1.1%) 
brushes                929/8192        11148/98304    (11.3%) 
brushsides            5690/81920       45520/655360   ( 6.9%) 
planes                 782/65536       15640/1310720  ( 1.2%) 
vertexes              6153/65536       73836/786432   ( 9.4%) 
nodes                 1723/65536       55136/2097152  ( 2.6%) 
texinfos               220/12288       15840/884736   ( 1.8%) 
texdata                 32/4096         1024/131072   ( 0.8%) 
dispinfos              526/0           92576/0        ( 0.0%) 
disp_verts           13150/0          263000/0        ( 0.0%) 
disp_tris            16832/0           33664/0        ( 0.0%) 
disp_multiblend          0/0               0/0        ( 0.0%) 
disp_lmsamples      187872/0          187872/0        ( 0.0%) 
faces                 3957/65536      221592/3670016  ( 6.0%) 
hdr faces             3957/65536      221592/3670016  ( 6.0%) 
origfaces             2187/65536      122472/3670016  ( 3.3%) 
facebrushes            962/0            1924/0        ( 0.0%) 
facebrushlists        3957/0           15828/0        ( 0.0%) 
leaves                1735/65536       55520/2097152  ( 2.6%) 
leaffaces             4411/65536        8822/131072   ( 6.7%) 
leafbrushes           1639/65536        3278/131072   ( 2.5%) 
areas                    3/1024           24/8192     ( 0.3%) 
surfedges            27464/512000     109856/2048000  ( 5.4%) 
edges                16058/256000      64232/1024000  ( 6.3%) 
LDR worldlights        132/8192        13200/819200   ( 1.6%) 
HDR worldlights        132/8192        13200/819200   ( 1.6%) 
leafwaterdata            1/32768          12/393216   ( 0.0%) 
waterstrips            604/32768        6040/327680   ( 1.8%) 
waterverts               0/65536           0/786432   ( 0.0%) 
waterindices          8361/65536       16722/131072   (12.8%) 
cubemapsamples          54/1024          864/16384    ( 5.3%) 
overlays                19/1024         6688/360448   ( 1.9%) 
LDR lightdata         [variable]     5802468/0        ( 0.0%) 
HDR lightdata         [variable]     5802468/0        ( 0.0%) 
visdata               [variable]       88499/16777216 ( 0.5%) 
entdata               [variable]       88826/393216   (22.6%) 
LDR ambient table     1735/65536        6940/262144   ( 2.6%) 
HDR ambient table     1735/65536        6940/262144   ( 2.6%) 
LDR leaf ambient      5726/65536      160328/1835008  ( 8.7%) 
HDR leaf ambient      5726/65536      160328/1835008  ( 8.7%) 
occluders                0/0               0/0        ( 0.0%) 
occluder polygons        0/0               0/0        ( 0.0%) 
occluder vert ind        0/0               0/0        ( 0.0%) 
detail props          [variable]           1/12       ( 8.3%) 
static props          [variable]           1/16372    ( 0.0%) 
pakfile               [variable]     4665794/0        ( 0.0%) 
physics               [variable]      317024/4194304  ( 7.6%) 
physics terrain       [variable]       27880/1048576  ( 2.7%) 

Level flags = 7f

Total triangle count: 10802
Writing f:\workspace\game\counter-strike global offensive\maps\aim_underground\sdk_content\maps\aim_underground_build1.bsp
MSG_FILEWRITE - Filesystem was asked to write to 'f:\workspace\game\counter-strike global offensive\maps\aim_underground\sdk_content\maps\aim_underground_build1.bsp', but we don't own that location. Allowing...
52 minutes, 11 seconds elapsed
